<?xml version="1.0" encoding="UTF-8"?>
<!-- Generated by org.testng.reporters.JUnitXMLReporter -->
<testsuite ignored="0" hostname="Dell" failures="1" tests="8" name="Default test(failed)" time="53.101" errors="0" timestamp="2022-06-02T22:30:38 IST">
  <testcase classname="Test_Clasess.VerifyUserCanBuyProductTest" name="VeriyUserCanLogin" time="3.884"/>
  <testcase classname="Test_Clasess.VerifyUserCanBuyProductTest" name="verifyUserCanSearchProduct" time="4.01"/>
  <testcase classname="Test_Clasess.VerifyUserCanBuyProductTest" name="VerifyUserCanSelectProductAndMoveTOProdutDetailsPage" time="3.474"/>
  <testcase classname="Test_Clasess.VerifyUserCanBuyProductTest" name="VerifyUserCanAddProductToCart" time="3.393"/>
  <testcase classname="Test_Clasess.VerifyUserCanBuyProductTest" name="VerifyCardCalculations" time="0.002"/>
  <testcase classname="Test_Clasess.VerifyUserCanBuyProductTest" name="VerifyUserCanSelectDeliveryAddress" time="6.003"/>
  <testcase classname="Test_Clasess.VerifyUserCanBuyProductTest" name="VerifyUserSelectPeymentOption" time="1.056">
    <failure type="org.openqa.selenium.NoSuchElementException" message="no such element: Unable to locate element: {&amp;quot;method&amp;quot;:&amp;quot;xpath&amp;quot;,&amp;quot;selector&amp;quot;:&amp;quot;(//div[@class=&amp;apos;_2jIO64&amp;apos;])[1]&amp;quot;}
  (Session info: chrome=102.0.5005.63)
For documentation on this error, please visit: https://selenium.dev/exceptions/#no_such_element
Build info: version: &amp;apos;4.2.0&amp;apos;, revision: &amp;apos;86eb611648&amp;apos;
System info: host: &amp;apos;DELL&amp;apos;, ip: &amp;apos;192.168.158.117&amp;apos;, os.name: &amp;apos;Windows 11&amp;apos;, os.arch: &amp;apos;amd64&amp;apos;, os.version: &amp;apos;10.0&amp;apos;, java.version: &amp;apos;17.0.2&amp;apos;
Driver info: org.openqa.selenium.chrome.ChromeDriver
Command: [7dc4525fe3ff7bcee9079a2ae08ff8df, findElement {using=xpath, value=(//div[@class=&amp;apos;_2jIO64&amp;apos;])[1]}]
Capabilities {acceptInsecureCerts: false, browserName: chrome, browserVersion: 102.0.5005.63, chrome: {chromedriverVersion: 102.0.5005.61 (0e59bcc00cc4..., userDataDir: C:\Users\91776\AppData\Loca...}, goog:chromeOptions: {debuggerAddress: localhost:64608}, javascriptEnabled: true, networkConnectionEnabled: false, pageLoadStrategy: normal, platform: WINDOWS, platformName: WINDOWS, proxy: Proxy(), se:cdp: ws://localhost:64608/devtoo..., se:cdpVersion: 102.0.5005.63, setWindowRect: true, strictFileInteractability: false, timeouts: {implicit: 0, pageLoad: 300000, script: 30000}, unhandledPromptBehavior: dismiss and notify, webauthn:extension:credBlob: true, webauthn:extension:largeBlob: true, webauthn:virtualAuthenticators: true}
Session ID: 7dc4525fe3ff7bcee9079a2ae08ff8df">
      <![CDATA[org.openqa.selenium.NoSuchElementException: no such element: Unable to locate element: {"method":"xpath","selector":"(//div[@class='_2jIO64'])[1]"}
  (Session info: chrome=102.0.5005.63)
For documentation on this error, please visit: https://selenium.dev/exceptions/#no_such_element
Build info: version: '4.2.0', revision: '86eb611648'
System info: host: 'DELL', ip: '192.168.158.117', os.name: 'Windows 11', os.arch: 'amd64', os.version: '10.0', java.version: '17.0.2'
Driver info: org.openqa.selenium.chrome.ChromeDriver
Command: [7dc4525fe3ff7bcee9079a2ae08ff8df, findElement {using=xpath, value=(//div[@class='_2jIO64'])[1]}]
Capabilities {acceptInsecureCerts: false, browserName: chrome, browserVersion: 102.0.5005.63, chrome: {chromedriverVersion: 102.0.5005.61 (0e59bcc00cc4..., userDataDir: C:\Users\91776\AppData\Loca...}, goog:chromeOptions: {debuggerAddress: localhost:64608}, javascriptEnabled: true, networkConnectionEnabled: false, pageLoadStrategy: normal, platform: WINDOWS, platformName: WINDOWS, proxy: Proxy(), se:cdp: ws://localhost:64608/devtoo..., se:cdpVersion: 102.0.5005.63, setWindowRect: true, strictFileInteractability: false, timeouts: {implicit: 0, pageLoad: 300000, script: 30000}, unhandledPromptBehavior: dismiss and notify, webauthn:extension:credBlob: true, webauthn:extension:largeBlob: true, webauthn:virtualAuthenticators: true}
Session ID: 7dc4525fe3ff7bcee9079a2ae08ff8df
at org.openqa.selenium.remote.codec.w3c.W3CHttpResponseCodec.createException(W3CHttpResponseCodec.java:200)
at org.openqa.selenium.remote.codec.w3c.W3CHttpResponseCodec.decode(W3CHttpResponseCodec.java:133)
at org.openqa.selenium.remote.codec.w3c.W3CHttpResponseCodec.decode(W3CHttpResponseCodec.java:53)
at org.openqa.selenium.remote.HttpCommandExecutor.execute(HttpCommandExecutor.java:184)
at org.openqa.selenium.remote.service.DriverCommandExecutor.invokeExecute(DriverCommandExecutor.java:167)
at org.openqa.selenium.remote.service.DriverCommandExecutor.execute(DriverCommandExecutor.java:142)
at org.openqa.selenium.remote.RemoteWebDriver.execute(RemoteWebDriver.java:566)
at org.openqa.selenium.remote.ElementLocation$ElementFinder$2.findElement(ElementLocation.java:162)
at org.openqa.selenium.remote.ElementLocation.findElement(ElementLocation.java:60)
at org.openqa.selenium.remote.RemoteWebDriver.findElement(RemoteWebDriver.java:384)
at org.openqa.selenium.remote.RemoteWebDriver.findElement(RemoteWebDriver.java:376)
at org.openqa.selenium.support.pagefactory.DefaultElementLocator.findElement(DefaultElementLocator.java:70)
at org.openqa.selenium.support.pagefactory.internal.LocatingElementHandler.invoke(LocatingElementHandler.java:39)
at jdk.proxy2/jdk.proxy2.$Proxy18.click(Unknown Source)
at pomClasses.PaymentDetails_Info.clickTOPhonePeOption(PaymentDetails_Info.java:45)
at Test_Clasess.VerifyUserCanBuyProductTest.VerifyUserSelectPeymentOption(VerifyUserCanBuyProductTest.java:90)
at java.base/java.util.ArrayList.forEach(ArrayList.java:1511)
... Removed 32 stack frames]]>
    </failure>
  </testcase> <!-- VerifyUserSelectPeymentOption -->
  <testcase classname="Test_Clasess.VerifyUserCanBuyProductTest" name="VerifUserPlacedQrderSuccessfully" time="0.002"/>
</testsuite> <!-- Default test(failed) -->
