<?xml version="1.0" encoding="UTF-8"?>
<testng-results ignored="0" total="3" passed="2" failed="1" skipped="0">
  <reporter-output>
  </reporter-output>
  <suite started-at="2022-06-08T14:50:15 IST" name="Default suite" finished-at="2022-06-08T14:52:52 IST" duration-ms="156181">
    <groups>
    </groups>
    <test started-at="2022-06-08T14:50:15 IST" name="Default test" finished-at="2022-06-08T14:52:52 IST" duration-ms="156181">
      <class name="Test_Clasess.UserCanAddFundsInAccount">
        <test-method is-config="true" signature="beforeClass()[pri:0, instance:Test_Clasess.UserCanAddFundsInAccount@22555ebf]" started-at="2022-06-08T14:50:15 IST" name="beforeClass" finished-at="2022-06-08T14:50:29 IST" duration-ms="13452" status="PASS">
          <reporter-output>
          </reporter-output>
        </test-method> <!-- beforeClass -->
        <test-method is-config="true" signature="beforeMethod()[pri:0, instance:Test_Clasess.UserCanAddFundsInAccount@22555ebf]" started-at="2022-06-08T14:50:29 IST" name="beforeMethod" finished-at="2022-06-08T14:50:29 IST" duration-ms="106" status="PASS">
          <reporter-output>
          </reporter-output>
        </test-method> <!-- beforeMethod -->
        <test-method signature="VeriyUserCanLogin()[pri:1, instance:Test_Clasess.UserCanAddFundsInAccount@22555ebf]" started-at="2022-06-08T14:50:29 IST" name="VeriyUserCanLogin" finished-at="2022-06-08T14:50:46 IST" duration-ms="17162" status="PASS">
          <reporter-output>
          </reporter-output>
        </test-method> <!-- VeriyUserCanLogin -->
        <test-method is-config="true" signature="afterMethod(org.testng.ITestResult)[pri:0, instance:Test_Clasess.UserCanAddFundsInAccount@22555ebf]" started-at="2022-06-08T14:50:46 IST" name="afterMethod" finished-at="2022-06-08T14:50:46 IST" duration-ms="24" status="PASS">
          <params>
            <param index="0">
              <value>
                <![CDATA[[TestResult name=VeriyUserCanLogin status=SUCCESS method=UserCanAddFundsInAccount.VeriyUserCanLogin()[pri:1, instance:Test_Clasess.UserCanAddFundsInAccount@22555ebf] output={null}]]]>
              </value>
            </param>
          </params>
          <reporter-output>
          </reporter-output>
        </test-method> <!-- afterMethod -->
        <test-method signature="VeriyUserCanHomePage()[pri:2, instance:Test_Clasess.UserCanAddFundsInAccount@22555ebf]" started-at="2022-06-08T14:50:46 IST" name="VeriyUserCanHomePage" finished-at="2022-06-08T14:50:48 IST" duration-ms="1361" status="PASS">
          <reporter-output>
          </reporter-output>
        </test-method> <!-- VeriyUserCanHomePage -->
        <test-method is-config="true" signature="beforeMethod()[pri:0, instance:Test_Clasess.UserCanAddFundsInAccount@22555ebf]" started-at="2022-06-08T14:50:46 IST" name="beforeMethod" finished-at="2022-06-08T14:50:46 IST" duration-ms="0" status="PASS">
          <reporter-output>
          </reporter-output>
        </test-method> <!-- beforeMethod -->
        <test-method is-config="true" signature="afterMethod(org.testng.ITestResult)[pri:0, instance:Test_Clasess.UserCanAddFundsInAccount@22555ebf]" started-at="2022-06-08T14:50:48 IST" name="afterMethod" finished-at="2022-06-08T14:50:48 IST" duration-ms="1" status="PASS">
          <params>
            <param index="0">
              <value>
                <![CDATA[[TestResult name=VeriyUserCanHomePage status=SUCCESS method=UserCanAddFundsInAccount.VeriyUserCanHomePage()[pri:2, instance:Test_Clasess.UserCanAddFundsInAccount@22555ebf] output={null}]]]>
              </value>
            </param>
          </params>
          <reporter-output>
          </reporter-output>
        </test-method> <!-- afterMethod -->
        <test-method signature="VeriyUserCanVeriyUserCanFundPage()[pri:3, instance:Test_Clasess.UserCanAddFundsInAccount@22555ebf]" started-at="2022-06-08T14:50:48 IST" name="VeriyUserCanVeriyUserCanFundPage" finished-at="2022-06-08T14:52:51 IST" duration-ms="123171" status="FAIL">
          <exception class="org.openqa.selenium.TimeoutException">
            <message>
              <![CDATA[Expected condition failed: waiting for visibility of Proxy element for: DefaultElementLocator 'By.xpath: //(//div[@id='amupNew89TransformDiv']/div)' (tried for 120 second(s) with 500 milliseconds interval)]]>
            </message>
            <full-stacktrace>
              <![CDATA[org.openqa.selenium.TimeoutException: Expected condition failed: waiting for visibility of Proxy element for: DefaultElementLocator 'By.xpath: //(//div[@id='amupNew89TransformDiv']/div)' (tried for 120 second(s) with 500 milliseconds interval)
at org.openqa.selenium.support.ui.WebDriverWait.timeoutException(WebDriverWait.java:87)
at org.openqa.selenium.support.ui.FluentWait.until(FluentWait.java:231)
at UtilClasses.UtilClass1.expliciteWait(UtilClass1.java:43)
at pomClasses.Fund_Page_G.verifyFundPageLoaded2(Fund_Page_G.java:72)
at Test_Clasess.UserCanAddFundsInAccount.VeriyUserCanVeriyUserCanFundPage(UserCanAddFundsInAccount.java:81)
at java.base/jdk.internal.reflect.NativeMethodAccessorImpl.invoke0(Native Method)
at java.base/jdk.internal.reflect.NativeMethodAccessorImpl.invoke(NativeMethodAccessorImpl.java:77)
at java.base/jdk.internal.reflect.DelegatingMethodAccessorImpl.invoke(DelegatingMethodAccessorImpl.java:43)
at java.base/java.lang.reflect.Method.invoke(Method.java:568)
at org.testng.internal.invokers.MethodInvocationHelper.invokeMethod(MethodInvocationHelper.java:139)
at org.testng.internal.invokers.TestInvoker.invokeMethod(TestInvoker.java:677)
at org.testng.internal.invokers.TestInvoker.invokeTestMethod(TestInvoker.java:221)
at org.testng.internal.invokers.MethodRunner.runInSequence(MethodRunner.java:50)
at org.testng.internal.invokers.TestInvoker$MethodInvocationAgent.invoke(TestInvoker.java:962)
at org.testng.internal.invokers.TestInvoker.invokeTestMethods(TestInvoker.java:194)
at org.testng.internal.invokers.TestMethodWorker.invokeTestMethods(TestMethodWorker.java:148)
at org.testng.internal.invokers.TestMethodWorker.run(TestMethodWorker.java:128)
at java.base/java.util.ArrayList.forEach(ArrayList.java:1511)
at org.testng.TestRunner.privateRun(TestRunner.java:806)
at org.testng.TestRunner.run(TestRunner.java:601)
at org.testng.SuiteRunner.runTest(SuiteRunner.java:433)
at org.testng.SuiteRunner.runSequentially(SuiteRunner.java:427)
at org.testng.SuiteRunner.privateRun(SuiteRunner.java:387)
at org.testng.SuiteRunner.run(SuiteRunner.java:330)
at org.testng.SuiteRunnerWorker.runSuite(SuiteRunnerWorker.java:52)
at org.testng.SuiteRunnerWorker.run(SuiteRunnerWorker.java:95)
at org.testng.TestNG.runSuitesSequentially(TestNG.java:1256)
at org.testng.TestNG.runSuitesLocally(TestNG.java:1176)
at org.testng.TestNG.runSuites(TestNG.java:1099)
at org.testng.TestNG.run(TestNG.java:1067)
at org.testng.remote.AbstractRemoteTestNG.run(AbstractRemoteTestNG.java:115)
at org.testng.remote.RemoteTestNG.initAndRun(RemoteTestNG.java:251)
at org.testng.remote.RemoteTestNG.main(RemoteTestNG.java:77)
Caused by: org.openqa.selenium.InvalidSelectorException: invalid selector: Unable to locate an element with the xpath expression //(//div[@id='amupNew89TransformDiv']/div) because of the following error:
SyntaxError: Failed to execute 'evaluate' on 'Document': The string '//(//div[@id='amupNew89TransformDiv']/div)' is not a valid XPath expression.
  (Session info: chrome=102.0.5005.63)
For documentation on this error, please visit: https://selenium.dev/exceptions/#invalid_selector_exception
Build info: version: '4.2.0', revision: '86eb611648'
System info: host: 'DELL', ip: '192.168.158.117', os.name: 'Windows 11', os.arch: 'amd64', os.version: '10.0', java.version: '17.0.2'
Driver info: org.openqa.selenium.chrome.ChromeDriver
Command: [6d872615ae4da47aad010fd703000ef6, findElement {using=xpath, value=//(//div[@id='amupNew89TransformDiv']/div)}]
Capabilities {acceptInsecureCerts: false, browserName: chrome, browserVersion: 102.0.5005.63, chrome: {chromedriverVersion: 102.0.5005.61 (0e59bcc00cc4..., userDataDir: C:\Users\91776\AppData\Loca...}, goog:chromeOptions: {debuggerAddress: localhost:60723}, javascriptEnabled: true, networkConnectionEnabled: false, pageLoadStrategy: normal, platform: WINDOWS, platformName: WINDOWS, proxy: Proxy(), se:cdp: ws://localhost:60723/devtoo..., se:cdpVersion: 102.0.5005.63, setWindowRect: true, strictFileInteractability: false, timeouts: {implicit: 0, pageLoad: 300000, script: 30000}, unhandledPromptBehavior: dismiss and notify, webauthn:extension:credBlob: true, webauthn:extension:largeBlob: true, webauthn:virtualAuthenticators: true}
Session ID: 6d872615ae4da47aad010fd703000ef6
at jdk.internal.reflect.GeneratedConstructorAccessor16.newInstance(Unknown Source)
at java.base/jdk.internal.reflect.DelegatingConstructorAccessorImpl.newInstance(DelegatingConstructorAccessorImpl.java:45)
at java.base/java.lang.reflect.Constructor.newInstanceWithCaller(Constructor.java:499)
at java.base/java.lang.reflect.Constructor.newInstance(Constructor.java:480)
at org.openqa.selenium.remote.codec.w3c.W3CHttpResponseCodec.createException(W3CHttpResponseCodec.java:200)
at org.openqa.selenium.remote.codec.w3c.W3CHttpResponseCodec.decode(W3CHttpResponseCodec.java:133)
at org.openqa.selenium.remote.codec.w3c.W3CHttpResponseCodec.decode(W3CHttpResponseCodec.java:53)
at org.openqa.selenium.remote.HttpCommandExecutor.execute(HttpCommandExecutor.java:184)
at org.openqa.selenium.remote.service.DriverCommandExecutor.invokeExecute(DriverCommandExecutor.java:167)
at org.openqa.selenium.remote.service.DriverCommandExecutor.execute(DriverCommandExecutor.java:142)
at org.openqa.selenium.remote.RemoteWebDriver.execute(RemoteWebDriver.java:566)
at org.openqa.selenium.remote.ElementLocation$ElementFinder$2.findElement(ElementLocation.java:162)
at org.openqa.selenium.remote.ElementLocation.findElement(ElementLocation.java:60)
at org.openqa.selenium.remote.RemoteWebDriver.findElement(RemoteWebDriver.java:384)
at org.openqa.selenium.remote.RemoteWebDriver.findElement(RemoteWebDriver.java:376)
at org.openqa.selenium.support.pagefactory.DefaultElementLocator.findElement(DefaultElementLocator.java:70)
at org.openqa.selenium.support.pagefactory.internal.LocatingElementHandler.invoke(LocatingElementHandler.java:39)
at jdk.proxy2/jdk.proxy2.$Proxy18.isDisplayed(Unknown Source)
at org.openqa.selenium.support.ui.ExpectedConditions.elementIfVisible(ExpectedConditions.java:307)
at org.openqa.selenium.support.ui.ExpectedConditions.access$000(ExpectedConditions.java:40)
at org.openqa.selenium.support.ui.ExpectedConditions$10.apply(ExpectedConditions.java:293)
at org.openqa.selenium.support.ui.ExpectedConditions$10.apply(ExpectedConditions.java:290)
at org.openqa.selenium.support.ui.FluentWait.until(FluentWait.java:208)
... 31 more
]]>
            </full-stacktrace>
          </exception> <!-- org.openqa.selenium.TimeoutException -->
          <reporter-output>
          </reporter-output>
        </test-method> <!-- VeriyUserCanVeriyUserCanFundPage -->
        <test-method is-config="true" signature="beforeMethod()[pri:0, instance:Test_Clasess.UserCanAddFundsInAccount@22555ebf]" started-at="2022-06-08T14:50:48 IST" name="beforeMethod" finished-at="2022-06-08T14:50:48 IST" duration-ms="0" status="PASS">
          <reporter-output>
          </reporter-output>
        </test-method> <!-- beforeMethod -->
        <test-method is-config="true" signature="afterMethod(org.testng.ITestResult)[pri:0, instance:Test_Clasess.UserCanAddFundsInAccount@22555ebf]" started-at="2022-06-08T14:52:51 IST" name="afterMethod" finished-at="2022-06-08T14:52:51 IST" duration-ms="348" status="PASS">
          <params>
            <param index="0">
              <value>
                <![CDATA[[TestResult name=VeriyUserCanVeriyUserCanFundPage status=FAILURE method=UserCanAddFundsInAccount.VeriyUserCanVeriyUserCanFundPage()[pri:3, instance:Test_Clasess.UserCanAddFundsInAccount@22555ebf] output={null}]]]>
              </value>
            </param>
          </params>
          <reporter-output>
          </reporter-output>
        </test-method> <!-- afterMethod -->
        <test-method is-config="true" signature="afterClass()[pri:0, instance:Test_Clasess.UserCanAddFundsInAccount@22555ebf]" started-at="2022-06-08T14:52:51 IST" name="afterClass" finished-at="2022-06-08T14:52:52 IST" duration-ms="392" status="PASS">
          <reporter-output>
          </reporter-output>
        </test-method> <!-- afterClass -->
      </class> <!-- Test_Clasess.UserCanAddFundsInAccount -->
    </test> <!-- Default test -->
  </suite> <!-- Default suite -->
</testng-results>
